<?xml version="1.0" encoding="UTF-8"?>
<!-- Generated by org.testng.reporters.JUnitReportReporter -->
<testsuite skipped="0" hostname="jenkins-automated-testing" name="com.automation.signUp.SignUpIndex" tests="5" failures="0" timestamp="05 May 2020 08:25:19 GMT" time="456.852" errors="0">
  <testcase name="signUp" time="95.228" classname="com.automation.signUp.SignUpIndex"/>
  <testcase name="signUp" time="93.902" classname="com.automation.signUp.SignUpIndex"/>
  <testcase name="signUp" time="93.038" classname="com.automation.signUp.SignUpIndex"/>
  <testcase name="signUp" time="97.425" classname="com.automation.signUp.SignUpIndex"/>
  <testcase name="signUp" time="77.259" classname="com.automation.signUp.SignUpIndex"/>
</testsuite> <!-- com.automation.signUp.SignUpIndex -->
